gcc: error: Test7.c: No such file or directory
gcc: fatal error: no input files
compilation terminated.
